<?xml version="1.0" encoding="UTF-8"?>
<!-- Generated by org.testng.reporters.JUnitReportReporter -->
<testsuite hostname="LAPTOP-IPM2DD0C" failures="0" tests="3" name="Appcode.TestClass" time="0.013" errors="0" timestamp="2024-06-05T10:37:14 IST" skipped="0">
  <testcase classname="Appcode.TestClass" name="method2" time="0.001"/>
  <testcase classname="Appcode.TestClass" name="method3" time="0.007"/>
  <testcase classname="Appcode.TestClass" name="method1" time="0.005"/>
</testsuite> <!-- Appcode.TestClass -->
